<?xml version="1.0" encoding="UTF-8"?>
<robot generator="Robot 5.0 (Python 3.10.3 on win32)" generated="20220420 03:21:31.078" rpa="false" schemaversion="3">
<suite id="s1" name="FunctionalTestCases" source="D:\Automation\Ofofo\TestCases\FunctionalTestCases.robot">
<test id="s1-t1" name="Become a seller button" line="20">
<kw name="Open the browser with ofofo landing page" library="Utility" type="SETUP">
<kw name="Create Webdriver" library="SeleniumLibrary">
<arg>${browser_name}</arg>
<arg>executable_path=../BrowserDrivers/${browser_name}</arg>
<doc>Creates an instance of Selenium WebDriver.</doc>
<msg timestamp="20220420 03:21:31.291" level="INFO">Creating an instance of the Chrome WebDriver.</msg>
<status status="PASS" starttime="20220420 03:21:31.290" endtime="20220420 03:21:32.350"/>
</kw>
<kw name="Go To" library="SeleniumLibrary">
<arg>${ofofo_landingpage_url}</arg>
<doc>Navigates the current browser window to the provided ``url``.</doc>
<msg timestamp="20220420 03:21:32.350" level="INFO">Opening url 'https://landingpage-dev.ofofo.io'</msg>
<status status="PASS" starttime="20220420 03:21:32.350" endtime="20220420 03:21:33.953"/>
</kw>
<status status="PASS" starttime="20220420 03:21:31.290" endtime="20220420 03:21:33.953"/>
</kw>
<kw name="To check that when user click on Become a seller button seller landing is displayed" library="MainLandingPage">
<kw name="Click Element" library="SeleniumLibrary">
<arg>${become_a_seller}</arg>
<doc>Click the element identified by ``locator``.</doc>
<msg timestamp="20220420 03:21:33.955" level="INFO">Clicking element 'css:.cursor-pointer.become-seller'.</msg>
<status status="PASS" starttime="20220420 03:21:33.955" endtime="20220420 03:21:34.060"/>
</kw>
<kw name="Switch Window" library="SeleniumLibrary">
<arg>NEW</arg>
<doc>Switches to browser window matching ``locator``.</doc>
<status status="PASS" starttime="20220420 03:21:34.060" endtime="20220420 03:21:34.069"/>
</kw>
<kw name="Wait Until Element Is Visible" library="SeleniumLibrary">
<arg>${seller_page_explore}</arg>
<arg>timeout=20</arg>
<doc>Waits until the element ``locator`` is visible.</doc>
<status status="PASS" starttime="20220420 03:21:34.069" endtime="20220420 03:21:34.808"/>
</kw>
<kw name="Page Should Contain" library="SeleniumLibrary">
<arg>You bring the solutions</arg>
<doc>Verifies that current page contains ``text``.</doc>
<msg timestamp="20220420 03:21:34.830" level="INFO">Current page contains text 'You bring the solutions'.</msg>
<status status="PASS" starttime="20220420 03:21:34.808" endtime="20220420 03:21:34.830"/>
</kw>
<status status="PASS" starttime="20220420 03:21:33.954" endtime="20220420 03:21:34.830"/>
</kw>
<kw name="Close the browser" library="Utility" type="TEARDOWN">
<kw name="Close Browser" library="SeleniumLibrary">
<doc>Closes the current browser.</doc>
<status status="PASS" starttime="20220420 03:21:34.831" endtime="20220420 03:21:36.997"/>
</kw>
<status status="PASS" starttime="20220420 03:21:34.830" endtime="20220420 03:21:36.997"/>
</kw>
<status status="PASS" starttime="20220420 03:21:31.289" endtime="20220420 03:21:36.998"/>
</test>
<test id="s1-t2" name="Explore button" line="23">
<kw name="Open the browser with ofofo landing page" library="Utility" type="SETUP">
<kw name="Create Webdriver" library="SeleniumLibrary">
<arg>${browser_name}</arg>
<arg>executable_path=../BrowserDrivers/${browser_name}</arg>
<doc>Creates an instance of Selenium WebDriver.</doc>
<msg timestamp="20220420 03:21:37.000" level="INFO">Creating an instance of the Chrome WebDriver.</msg>
<status status="PASS" starttime="20220420 03:21:37.000" endtime="20220420 03:21:38.169"/>
</kw>
<kw name="Go To" library="SeleniumLibrary">
<arg>${ofofo_landingpage_url}</arg>
<doc>Navigates the current browser window to the provided ``url``.</doc>
<msg timestamp="20220420 03:21:38.169" level="INFO">Opening url 'https://landingpage-dev.ofofo.io'</msg>
<status status="PASS" starttime="20220420 03:21:38.169" endtime="20220420 03:21:39.719"/>
</kw>
<status status="PASS" starttime="20220420 03:21:37.000" endtime="20220420 03:21:39.719"/>
</kw>
<kw name="To check that when user click on Explore button marketplace dashborad is displayed" library="MainLandingPage">
<kw name="Click Element" library="SeleniumLibrary">
<arg>${explore}</arg>
<doc>Click the element identified by ``locator``.</doc>
<msg timestamp="20220420 03:21:39.722" level="INFO">Clicking element 'link:Explore'.</msg>
<status status="PASS" starttime="20220420 03:21:39.721" endtime="20220420 03:21:39.859"/>
</kw>
<kw name="Switch Window" library="SeleniumLibrary">
<arg>NEW</arg>
<doc>Switches to browser window matching ``locator``.</doc>
<status status="PASS" starttime="20220420 03:21:39.859" endtime="20220420 03:21:39.868"/>
</kw>
<kw name="Wait Until Page Contains" library="SeleniumLibrary">
<arg>Offerings</arg>
<arg>timeout=20</arg>
<doc>Waits until ``text`` appears on the current page.</doc>
<status status="PASS" starttime="20220420 03:21:39.868" endtime="20220420 03:21:40.716"/>
</kw>
<kw name="Page Should Contain" library="SeleniumLibrary">
<arg>Offerings</arg>
<doc>Verifies that current page contains ``text``.</doc>
<msg timestamp="20220420 03:21:40.725" level="INFO">Current page contains text 'Offerings'.</msg>
<status status="PASS" starttime="20220420 03:21:40.716" endtime="20220420 03:21:40.725"/>
</kw>
<status status="PASS" starttime="20220420 03:21:39.721" endtime="20220420 03:21:40.725"/>
</kw>
<kw name="Close the browser" library="Utility" type="TEARDOWN">
<kw name="Close Browser" library="SeleniumLibrary">
<doc>Closes the current browser.</doc>
<status status="PASS" starttime="20220420 03:21:40.725" endtime="20220420 03:21:42.900"/>
</kw>
<status status="PASS" starttime="20220420 03:21:40.725" endtime="20220420 03:21:42.900"/>
</kw>
<status status="PASS" starttime="20220420 03:21:36.999" endtime="20220420 03:21:42.901"/>
</test>
<test id="s1-t3" name="Join button" line="26">
<kw name="Open the browser with ofofo landing page" library="Utility" type="SETUP">
<kw name="Create Webdriver" library="SeleniumLibrary">
<arg>${browser_name}</arg>
<arg>executable_path=../BrowserDrivers/${browser_name}</arg>
<doc>Creates an instance of Selenium WebDriver.</doc>
<msg timestamp="20220420 03:21:42.903" level="INFO">Creating an instance of the Chrome WebDriver.</msg>
<status status="PASS" starttime="20220420 03:21:42.903" endtime="20220420 03:21:43.947"/>
</kw>
<kw name="Go To" library="SeleniumLibrary">
<arg>${ofofo_landingpage_url}</arg>
<doc>Navigates the current browser window to the provided ``url``.</doc>
<msg timestamp="20220420 03:21:43.948" level="INFO">Opening url 'https://landingpage-dev.ofofo.io'</msg>
<status status="PASS" starttime="20220420 03:21:43.947" endtime="20220420 03:21:44.956"/>
</kw>
<status status="PASS" starttime="20220420 03:21:42.903" endtime="20220420 03:21:44.957"/>
</kw>
<kw name="To check that when user click on Join button buyer registration page is displayed" library="MainLandingPage">
<kw name="Click Element" library="SeleniumLibrary">
<arg>${join}</arg>
<doc>Click the element identified by ``locator``.</doc>
<msg timestamp="20220420 03:21:44.958" level="INFO">Clicking element 'css:.cursor-pointer p'.</msg>
<status status="PASS" starttime="20220420 03:21:44.958" endtime="20220420 03:21:45.180"/>
</kw>
<kw name="Switch Window" library="SeleniumLibrary">
<arg>NEW</arg>
<doc>Switches to browser window matching ``locator``.</doc>
<status status="PASS" starttime="20220420 03:21:45.180" endtime="20220420 03:21:45.187"/>
</kw>
<kw name="Wait Until Element Is Visible" library="SeleniumLibrary">
<arg>${lady_with_laptop}</arg>
<arg>timeout=20</arg>
<doc>Waits until the element ``locator`` is visible.</doc>
<status status="PASS" starttime="20220420 03:21:45.188" endtime="20220420 03:21:46.738"/>
</kw>
<kw name="Page Should Contain" library="SeleniumLibrary">
<arg>Create a new account</arg>
<doc>Verifies that current page contains ``text``.</doc>
<msg timestamp="20220420 03:21:46.751" level="INFO">Current page contains text 'Create a new account'.</msg>
<status status="PASS" starttime="20220420 03:21:46.738" endtime="20220420 03:21:46.751"/>
</kw>
<status status="PASS" starttime="20220420 03:21:44.957" endtime="20220420 03:21:46.752"/>
</kw>
<kw name="Close the browser" library="Utility" type="TEARDOWN">
<kw name="Close Browser" library="SeleniumLibrary">
<doc>Closes the current browser.</doc>
<status status="PASS" starttime="20220420 03:21:46.752" endtime="20220420 03:21:48.924"/>
</kw>
<status status="PASS" starttime="20220420 03:21:46.752" endtime="20220420 03:21:48.924"/>
</kw>
<status status="PASS" starttime="20220420 03:21:42.902" endtime="20220420 03:21:48.925"/>
</test>
<test id="s1-t4" name="Sign In button" line="29">
<kw name="Open the browser with ofofo landing page" library="Utility" type="SETUP">
<kw name="Create Webdriver" library="SeleniumLibrary">
<arg>${browser_name}</arg>
<arg>executable_path=../BrowserDrivers/${browser_name}</arg>
<doc>Creates an instance of Selenium WebDriver.</doc>
<msg timestamp="20220420 03:21:48.926" level="INFO">Creating an instance of the Chrome WebDriver.</msg>
<status status="PASS" starttime="20220420 03:21:48.926" endtime="20220420 03:21:50.092"/>
</kw>
<kw name="Go To" library="SeleniumLibrary">
<arg>${ofofo_landingpage_url}</arg>
<doc>Navigates the current browser window to the provided ``url``.</doc>
<msg timestamp="20220420 03:21:50.092" level="INFO">Opening url 'https://landingpage-dev.ofofo.io'</msg>
<status status="PASS" starttime="20220420 03:21:50.092" endtime="20220420 03:21:51.020"/>
</kw>
<status status="PASS" starttime="20220420 03:21:48.926" endtime="20220420 03:21:51.020"/>
</kw>
<kw name="To check that when user click on Sign In button Sign In as seller and Sign In as buyer" library="MainLandingPage">
<kw name="Click Element" library="SeleniumLibrary">
<arg>${Sign_In}</arg>
<doc>Click the element identified by ``locator``.</doc>
<msg timestamp="20220420 03:21:51.022" level="INFO">Clicking element 'link:Sign In'.</msg>
<status status="PASS" starttime="20220420 03:21:51.022" endtime="20220420 03:21:51.562"/>
</kw>
<kw name="Page Should Contain" library="SeleniumLibrary">
<arg>Sign In as seller</arg>
<doc>Verifies that current page contains ``text``.</doc>
<msg timestamp="20220420 03:21:51.579" level="INFO">Current page contains text 'Sign In as seller'.</msg>
<status status="PASS" starttime="20220420 03:21:51.562" endtime="20220420 03:21:51.579"/>
</kw>
<kw name="Page Should Contain" library="SeleniumLibrary">
<arg>Sign In as buyer</arg>
<doc>Verifies that current page contains ``text``.</doc>
<msg timestamp="20220420 03:21:51.592" level="INFO">Current page contains text 'Sign In as buyer'.</msg>
<status status="PASS" starttime="20220420 03:21:51.579" endtime="20220420 03:21:51.592"/>
</kw>
<status status="PASS" starttime="20220420 03:21:51.021" endtime="20220420 03:21:51.592"/>
</kw>
<kw name="Close the browser" library="Utility" type="TEARDOWN">
<kw name="Close Browser" library="SeleniumLibrary">
<doc>Closes the current browser.</doc>
<status status="PASS" starttime="20220420 03:21:51.594" endtime="20220420 03:21:53.731"/>
</kw>
<status status="PASS" starttime="20220420 03:21:51.593" endtime="20220420 03:21:53.731"/>
</kw>
<status status="PASS" starttime="20220420 03:21:48.926" endtime="20220420 03:21:53.732"/>
</test>
<test id="s1-t5" name="Search bar" line="32">
<kw name="Open the browser with ofofo landing page" library="Utility" type="SETUP">
<kw name="Create Webdriver" library="SeleniumLibrary">
<arg>${browser_name}</arg>
<arg>executable_path=../BrowserDrivers/${browser_name}</arg>
<doc>Creates an instance of Selenium WebDriver.</doc>
<msg timestamp="20220420 03:21:53.733" level="INFO">Creating an instance of the Chrome WebDriver.</msg>
<status status="PASS" starttime="20220420 03:21:53.733" endtime="20220420 03:21:54.787"/>
</kw>
<kw name="Go To" library="SeleniumLibrary">
<arg>${ofofo_landingpage_url}</arg>
<doc>Navigates the current browser window to the provided ``url``.</doc>
<msg timestamp="20220420 03:21:54.788" level="INFO">Opening url 'https://landingpage-dev.ofofo.io'</msg>
<status status="PASS" starttime="20220420 03:21:54.787" endtime="20220420 03:21:55.832"/>
</kw>
<status status="PASS" starttime="20220420 03:21:53.733" endtime="20220420 03:21:55.832"/>
</kw>
<kw name="To check that search bar accepts alphabets" library="MainLandingPage">
<kw name="Input Text" library="SeleniumLibrary">
<arg>${Search_bar}</arg>
<arg>${Alpha_values}</arg>
<doc>Types the given ``text`` into the text field identified by ``locator``.</doc>
<msg timestamp="20220420 03:21:55.835" level="INFO">Typing text 'SrishaBJoshi' into text field 'css:.mb-3 input'.</msg>
<status status="PASS" starttime="20220420 03:21:55.835" endtime="20220420 03:21:56.054"/>
</kw>
<kw name="Get Element Attribute" library="SeleniumLibrary">
<var>${received_value}</var>
<arg>${Search_bar}</arg>
<arg>value</arg>
<doc>Returns the value of ``attribute`` from the element ``locator``.</doc>
<msg timestamp="20220420 03:21:56.075" level="INFO">${received_value} = SrishaBJoshi</msg>
<status status="PASS" starttime="20220420 03:21:56.054" endtime="20220420 03:21:56.075"/>
</kw>
<kw name="Element Text Should Be" library="SeleniumLibrary">
<arg>${Search_bar}</arg>
<arg>${Alpha_values}</arg>
<doc>Verifies that element ``locator`` contains exact the text ``expected``.</doc>
<msg timestamp="20220420 03:21:56.076" level="INFO">Verifying element 'css:.mb-3 input' contains exact text 'SrishaBJoshi'.</msg>
<msg timestamp="20220420 03:21:56.372" level="INFO" html="true">&lt;/td&gt;&lt;/tr&gt;&lt;tr&gt;&lt;td colspan="3"&gt;&lt;a href="selenium-screenshot-5.png"&gt;&lt;img src="selenium-screenshot-5.png" width="800px"&gt;&lt;/a&gt;</msg>
<msg timestamp="20220420 03:21:56.373" level="FAIL">The text of element 'css:.mb-3 input' should have been 'SrishaBJoshi' but it was ''.</msg>
<status status="FAIL" starttime="20220420 03:21:56.075" endtime="20220420 03:21:56.375"/>
</kw>
<status status="FAIL" starttime="20220420 03:21:55.834" endtime="20220420 03:21:56.376"/>
</kw>
<kw name="To check that search bar accepts numbers" library="MainLandingPage">
<status status="NOT RUN" starttime="20220420 03:21:56.377" endtime="20220420 03:21:56.377"/>
</kw>
<kw name="To check that search bar accepts alphanumeric values" library="MainLandingPage">
<status status="NOT RUN" starttime="20220420 03:21:56.378" endtime="20220420 03:21:56.378"/>
</kw>
<kw name="To check that search bar accepts spaces" library="MainLandingPage">
<status status="NOT RUN" starttime="20220420 03:21:56.378" endtime="20220420 03:21:56.378"/>
</kw>
<kw name="Close the browser" library="Utility" type="TEARDOWN">
<kw name="Close Browser" library="SeleniumLibrary">
<doc>Closes the current browser.</doc>
<status status="PASS" starttime="20220420 03:21:56.379" endtime="20220420 03:21:58.609"/>
</kw>
<status status="PASS" starttime="20220420 03:21:56.379" endtime="20220420 03:21:58.609"/>
</kw>
<status status="FAIL" starttime="20220420 03:21:53.733" endtime="20220420 03:21:58.610">The text of element 'css:.mb-3 input' should have been 'SrishaBJoshi' but it was ''.</status>
</test>
<doc>This file consists of all the Functional Test cases</doc>
<status status="FAIL" starttime="20220420 03:21:31.079" endtime="20220420 03:21:58.611"/>
</suite>
<statistics>
<total>
<stat pass="4" fail="1" skip="0">All Tests</stat>
</total>
<tag>
</tag>
<suite>
<stat pass="4" fail="1" skip="0" id="s1" name="FunctionalTestCases">FunctionalTestCases</stat>
</suite>
</statistics>
<errors>
</errors>
</robot>
